Qflow synthesis logfile created on Fri Apr 10 22:15:10 +08 2020
Running yosys for verilog parsing and synthesis
yosys  -s csa_10bit.ys

 /----------------------------------------------------------------------------\
 |                                                                            |
 |  yosys -- Yosys Open SYnthesis Suite                                       |
 |                                                                            |
 |  Copyright (C) 2012 - 2019  Clifford Wolf <clifford@clifford.at>           |
 |                                                                            |
 |  Permission to use, copy, modify, and/or distribute this software for any  |
 |  purpose with or without fee is hereby granted, provided that the above    |
 |  copyright notice and this permission notice appear in all copies.         |
 |                                                                            |
 |  THE SOFTWARE IS PROVIDED "AS IS" AND THE AUTHOR DISCLAIMS ALL WARRANTIES  |
 |  WITH REGARD TO THIS SOFTWARE INCLUDING ALL IMPLIED WARRANTIES OF          |
 |  MERCHANTABILITY AND FITNESS. IN NO EVENT SHALL THE AUTHOR BE LIABLE FOR   |
 |  ANY SPECIAL, DIRECT, INDIRECT, OR CONSEQUENTIAL DAMAGES OR ANY DAMAGES    |
 |  WHATSOEVER RESULTING FROM LOSS OF USE, DATA OR PROFITS, WHETHER IN AN     |
 |  ACTION OF CONTRACT, NEGLIGENCE OR OTHER TORTIOUS ACTION, ARISING OUT OF   |
 |  OR IN CONNECTION WITH THE USE OR PERFORMANCE OF THIS SOFTWARE.            |
 |                                                                            |
 \----------------------------------------------------------------------------/

 Yosys 0.9 (git sha1 UNKNOWN, clang 6.0.0-1ubuntu2 -fPIC -Os)


-- Executing script file `csa_10bit.ys' --

1. Executing Liberty frontend.
Imported 39 cell types from liberty file.

2. Executing Verilog-2005 frontend: /hdd/xuenong/Adder_Classification/source/generateBatchAdder_CSA/source/csa_10bit.v
Parsing Verilog input from `/hdd/xuenong/Adder_Classification/source/generateBatchAdder_CSA/source/csa_10bit.v' to AST representation.
Generating RTLIL representation for module `\CSA4'.
Generating RTLIL representation for module `\CSA3'.
Generating RTLIL representation for module `\CSA2'.
Generating RTLIL representation for module `\CSA1'.
Generating RTLIL representation for module `\RCA4'.
Generating RTLIL representation for module `\RCA3'.
Generating RTLIL representation for module `\RCA2'.
Generating RTLIL representation for module `\RCA1'.
Generating RTLIL representation for module `\full_adder'.
Generating RTLIL representation for module `\MUX2to1_w1'.
Generating RTLIL representation for module `\MUX2to1_w4'.
Generating RTLIL representation for module `\MUX2to1_w3'.
Generating RTLIL representation for module `\MUX2to1_w2'.
Generating RTLIL representation for module `\csa_10bit'.
Successfully finished Verilog frontend.

3. Executing SYNTH pass.

3.1. Executing HIERARCHY pass (managing design hierarchy).

3.1.1. Analyzing design hierarchy..
Top module:  \csa_10bit
Used module:     \CSA4
Used module:         \MUX2to1_w1
Used module:         \MUX2to1_w4
Used module:         \RCA4
Used module:             \full_adder
Used module:     \CSA2
Used module:         \MUX2to1_w2

3.1.2. Analyzing design hierarchy..
Top module:  \csa_10bit
Used module:     \CSA4
Used module:         \MUX2to1_w1
Used module:         \MUX2to1_w4
Used module:         \RCA4
Used module:             \full_adder
Used module:     \CSA2
Used module:         \MUX2to1_w2
Removing unused module `\MUX2to1_w3'.
Removing unused module `\RCA1'.
Removing unused module `\RCA2'.
Removing unused module `\RCA3'.
Removing unused module `\CSA1'.
Removing unused module `\CSA3'.
Removed 6 unused modules.
Mapping positional arguments of cell csa_10bit.$genblock$/hdd/xuenong/Adder_Classification/source/generateBatchAdder_CSA/source/csa_10bit.v:22$40[1].\csa_inst (CSA4).
Mapping positional arguments of cell csa_10bit.csa_inst (CSA2).
Mapping positional arguments of cell RCA4.fa[2] (full_adder).
Mapping positional arguments of cell RCA4.fa[1] (full_adder).
Mapping positional arguments of cell RCA4.fa31 (full_adder).
Mapping positional arguments of cell RCA4.fa0 (full_adder).
Mapping positional arguments of cell CSA2.mux0_cout (MUX2to1_w1).
Mapping positional arguments of cell CSA2.mux0_sum (MUX2to1_w2).
Mapping positional arguments of cell CSA2.rca0_1 (RCA4).
Mapping positional arguments of cell CSA2.rca0_0 (RCA4).
Mapping positional arguments of cell CSA4.mux0_cout (MUX2to1_w1).
Mapping positional arguments of cell CSA4.mux0_sum (MUX2to1_w4).
Mapping positional arguments of cell CSA4.rca0_1 (RCA4).
Mapping positional arguments of cell CSA4.rca0_0 (RCA4).
Warning: Resizing cell port CSA2.rca0_1.o_result from 2 bits to 4 bits.
Warning: Resizing cell port CSA2.rca0_1.i_add_term1 from 2 bits to 4 bits.
Warning: Resizing cell port CSA2.rca0_1.i_add_term2 from 2 bits to 4 bits.
Warning: Resizing cell port CSA2.rca0_0.o_result from 2 bits to 4 bits.
Warning: Resizing cell port CSA2.rca0_0.i_add_term1 from 2 bits to 4 bits.
Warning: Resizing cell port CSA2.rca0_0.i_add_term2 from 2 bits to 4 bits.

3.2. Executing PROC pass (convert processes to netlists).

3.2.1. Executing PROC_CLEAN pass (remove empty switches from decision trees).
Cleaned up 0 empty switches.

3.2.2. Executing PROC_RMDEAD pass (remove dead branches from decision trees).
Removed a total of 0 dead cases.

3.2.3. Executing PROC_INIT pass (extract init attributes).

3.2.4. Executing PROC_ARST pass (detect async resets in processes).

3.2.5. Executing PROC_MUX pass (convert decision trees to multiplexers).

3.2.6. Executing PROC_DLATCH pass (convert process syncs to latches).

3.2.7. Executing PROC_DFF pass (convert process syncs to FFs).

3.2.8. Executing PROC_CLEAN pass (remove empty switches from decision trees).
Cleaned up 0 empty switches.

3.3. Executing OPT_EXPR pass (perform const folding).
Optimizing module MUX2to1_w2.
Optimizing module csa_10bit.
Optimizing module MUX2to1_w4.
Optimizing module RCA4.
Optimizing module MUX2to1_w1.
Optimizing module CSA2.
Optimizing module full_adder.
Optimizing module CSA4.

3.4. Executing OPT_CLEAN pass (remove unused cells and wires).
Finding unused cells or wires in module \MUX2to1_w2..
Finding unused cells or wires in module \csa_10bit..
Finding unused cells or wires in module \MUX2to1_w4..
Finding unused cells or wires in module \RCA4..
Finding unused cells or wires in module \MUX2to1_w1..
Finding unused cells or wires in module \CSA2..
Finding unused cells or wires in module \full_adder..
Finding unused cells or wires in module \CSA4..
Removed 0 unused cells and 31 unused wires.
<suppressed ~6 debug messages>

3.5. Executing CHECK pass (checking for obvious problems).
checking module CSA2..
checking module CSA4..
checking module MUX2to1_w1..
checking module MUX2to1_w2..
checking module MUX2to1_w4..
checking module RCA4..
checking module csa_10bit..
checking module full_adder..
found and reported 0 problems.

3.6. Executing OPT pass (performing simple optimizations).

3.6.1. Executing OPT_EXPR pass (perform const folding).
Optimizing module CSA2.
Optimizing module CSA4.
Optimizing module MUX2to1_w1.
Optimizing module MUX2to1_w2.
Optimizing module MUX2to1_w4.
Optimizing module RCA4.
Optimizing module csa_10bit.
Optimizing module full_adder.

3.6.2. Executing OPT_MERGE pass (detect identical cells).
Finding identical cells in module `\CSA2'.
Finding identical cells in module `\CSA4'.
Finding identical cells in module `\MUX2to1_w1'.
Finding identical cells in module `\MUX2to1_w2'.
Finding identical cells in module `\MUX2to1_w4'.
Finding identical cells in module `\RCA4'.
Finding identical cells in module `\csa_10bit'.
Finding identical cells in module `\full_adder'.
Removed a total of 0 cells.

3.6.3. Executing OPT_MUXTREE pass (detect dead branches in mux trees).
Running muxtree optimizer on module \CSA2..
  Creating internal representation of mux trees.
  No muxes found in this module.
Running muxtree optimizer on module \CSA4..
  Creating internal representation of mux trees.
  No muxes found in this module.
Running muxtree optimizer on module \MUX2to1_w1..
  Creating internal representation of mux trees.
  No muxes found in this module.
Running muxtree optimizer on module \MUX2to1_w2..
  Creating internal representation of mux trees.
  No muxes found in this module.
Running muxtree optimizer on module \MUX2to1_w4..
  Creating internal representation of mux trees.
  No muxes found in this module.
Running muxtree optimizer on module \RCA4..
  Creating internal representation of mux trees.
  No muxes found in this module.
Running muxtree optimizer on module \csa_10bit..
  Creating internal representation of mux trees.
  No muxes found in this module.
Running muxtree optimizer on module \full_adder..
  Creating internal representation of mux trees.
  No muxes found in this module.
Removed 0 multiplexer ports.

3.6.4. Executing OPT_REDUCE pass (consolidate $*mux and $reduce_* inputs).
  Optimizing cells in module \CSA2.
  Optimizing cells in module \CSA4.
  Optimizing cells in module \MUX2to1_w1.
  Optimizing cells in module \MUX2to1_w2.
  Optimizing cells in module \MUX2to1_w4.
  Optimizing cells in module \RCA4.
  Optimizing cells in module \csa_10bit.
  Optimizing cells in module \full_adder.
Performed a total of 0 changes.

3.6.5. Executing OPT_MERGE pass (detect identical cells).
Finding identical cells in module `\CSA2'.
Finding identical cells in module `\CSA4'.
Finding identical cells in module `\MUX2to1_w1'.
Finding identical cells in module `\MUX2to1_w2'.
Finding identical cells in module `\MUX2to1_w4'.
Finding identical cells in module `\RCA4'.
Finding identical cells in module `\csa_10bit'.
Finding identical cells in module `\full_adder'.
Removed a total of 0 cells.

3.6.6. Executing OPT_RMDFF pass (remove dff with constant values).

3.6.7. Executing OPT_CLEAN pass (remove unused cells and wires).
Finding unused cells or wires in module \CSA2..
Finding unused cells or wires in module \CSA4..
Finding unused cells or wires in module \MUX2to1_w1..
Finding unused cells or wires in module \MUX2to1_w2..
Finding unused cells or wires in module \MUX2to1_w4..
Finding unused cells or wires in module \RCA4..
Finding unused cells or wires in module \csa_10bit..
Finding unused cells or wires in module \full_adder..

3.6.8. Executing OPT_EXPR pass (perform const folding).
Optimizing module CSA2.
Optimizing module CSA4.
Optimizing module MUX2to1_w1.
Optimizing module MUX2to1_w2.
Optimizing module MUX2to1_w4.
Optimizing module RCA4.
Optimizing module csa_10bit.
Optimizing module full_adder.

3.6.9. Finished OPT passes. (There is nothing left to do.)

3.7. Executing WREDUCE pass (reducing word size of cells).

3.8. Executing PEEPOPT pass (run peephole optimizers).

3.9. Executing OPT_CLEAN pass (remove unused cells and wires).
Finding unused cells or wires in module \CSA2..
Finding unused cells or wires in module \CSA4..
Finding unused cells or wires in module \MUX2to1_w1..
Finding unused cells or wires in module \MUX2to1_w2..
Finding unused cells or wires in module \MUX2to1_w4..
Finding unused cells or wires in module \RCA4..
Finding unused cells or wires in module \csa_10bit..
Finding unused cells or wires in module \full_adder..

3.10. Executing TECHMAP pass (map to technology primitives).

3.10.1. Executing Verilog-2005 frontend: /usr/local/bin/../share/yosys/cmp2lut.v
Parsing Verilog input from `/usr/local/bin/../share/yosys/cmp2lut.v' to AST representation.
Generating RTLIL representation for module `\_90_lut_cmp_'.
Successfully finished Verilog frontend.

3.10.2. Continuing TECHMAP pass.
No more expansions possible.

3.11. Executing ALUMACC pass (create $alu and $macc cells).
Extracting $alu and $macc cells in module CSA2:
  created 0 $alu and 0 $macc cells.
Extracting $alu and $macc cells in module CSA4:
  created 0 $alu and 0 $macc cells.
Extracting $alu and $macc cells in module MUX2to1_w1:
  created 0 $alu and 0 $macc cells.
Extracting $alu and $macc cells in module MUX2to1_w2:
  created 0 $alu and 0 $macc cells.
Extracting $alu and $macc cells in module MUX2to1_w4:
  created 0 $alu and 0 $macc cells.
Extracting $alu and $macc cells in module RCA4:
  created 0 $alu and 0 $macc cells.
Extracting $alu and $macc cells in module csa_10bit:
  created 0 $alu and 0 $macc cells.
Extracting $alu and $macc cells in module full_adder:
  created 0 $alu and 0 $macc cells.

3.12. Executing SHARE pass (SAT-based resource sharing).

3.13. Executing OPT pass (performing simple optimizations).

3.13.1. Executing OPT_EXPR pass (perform const folding).
Optimizing module CSA2.
Optimizing module CSA4.
Optimizing module MUX2to1_w1.
Optimizing module MUX2to1_w2.
Optimizing module MUX2to1_w4.
Optimizing module RCA4.
Optimizing module csa_10bit.
Optimizing module full_adder.

3.13.2. Executing OPT_MERGE pass (detect identical cells).
Finding identical cells in module `\CSA2'.
Finding identical cells in module `\CSA4'.
Finding identical cells in module `\MUX2to1_w1'.
Finding identical cells in module `\MUX2to1_w2'.
Finding identical cells in module `\MUX2to1_w4'.
Finding identical cells in module `\RCA4'.
Finding identical cells in module `\csa_10bit'.
Finding identical cells in module `\full_adder'.
Removed a total of 0 cells.

3.13.3. Executing OPT_MUXTREE pass (detect dead branches in mux trees).
Running muxtree optimizer on module \CSA2..
  Creating internal representation of mux trees.
  No muxes found in this module.
Running muxtree optimizer on module \CSA4..
  Creating internal representation of mux trees.
  No muxes found in this module.
Running muxtree optimizer on module \MUX2to1_w1..
  Creating internal representation of mux trees.
  No muxes found in this module.
Running muxtree optimizer on module \MUX2to1_w2..
  Creating internal representation of mux trees.
  No muxes found in this module.
Running muxtree optimizer on module \MUX2to1_w4..
  Creating internal representation of mux trees.
  No muxes found in this module.
Running muxtree optimizer on module \RCA4..
  Creating internal representation of mux trees.
  No muxes found in this module.
Running muxtree optimizer on module \csa_10bit..
  Creating internal representation of mux trees.
  No muxes found in this module.
Running muxtree optimizer on module \full_adder..
  Creating internal representation of mux trees.
  No muxes found in this module.
Removed 0 multiplexer ports.

3.13.4. Executing OPT_REDUCE pass (consolidate $*mux and $reduce_* inputs).
  Optimizing cells in module \CSA2.
  Optimizing cells in module \CSA4.
  Optimizing cells in module \MUX2to1_w1.
  Optimizing cells in module \MUX2to1_w2.
  Optimizing cells in module \MUX2to1_w4.
  Optimizing cells in module \RCA4.
  Optimizing cells in module \csa_10bit.
  Optimizing cells in module \full_adder.
Performed a total of 0 changes.

3.13.5. Executing OPT_MERGE pass (detect identical cells).
Finding identical cells in module `\CSA2'.
Finding identical cells in module `\CSA4'.
Finding identical cells in module `\MUX2to1_w1'.
Finding identical cells in module `\MUX2to1_w2'.
Finding identical cells in module `\MUX2to1_w4'.
Finding identical cells in module `\RCA4'.
Finding identical cells in module `\csa_10bit'.
Finding identical cells in module `\full_adder'.
Removed a total of 0 cells.

3.13.6. Executing OPT_RMDFF pass (remove dff with constant values).

3.13.7. Executing OPT_CLEAN pass (remove unused cells and wires).
Finding unused cells or wires in module \CSA2..
Finding unused cells or wires in module \CSA4..
Finding unused cells or wires in module \MUX2to1_w1..
Finding unused cells or wires in module \MUX2to1_w2..
Finding unused cells or wires in module \MUX2to1_w4..
Finding unused cells or wires in module \RCA4..
Finding unused cells or wires in module \csa_10bit..
Finding unused cells or wires in module \full_adder..

3.13.8. Executing OPT_EXPR pass (perform const folding).
Optimizing module CSA2.
Optimizing module CSA4.
Optimizing module MUX2to1_w1.
Optimizing module MUX2to1_w2.
Optimizing module MUX2to1_w4.
Optimizing module RCA4.
Optimizing module csa_10bit.
Optimizing module full_adder.

3.13.9. Finished OPT passes. (There is nothing left to do.)

3.14. Executing FSM pass (extract and optimize FSM).

3.14.1. Executing FSM_DETECT pass (finding FSMs in design).

3.14.2. Executing FSM_EXTRACT pass (extracting FSM from design).

3.14.3. Executing FSM_OPT pass (simple optimizations of FSMs).

3.14.4. Executing OPT_CLEAN pass (remove unused cells and wires).
Finding unused cells or wires in module \CSA2..
Finding unused cells or wires in module \CSA4..
Finding unused cells or wires in module \MUX2to1_w1..
Finding unused cells or wires in module \MUX2to1_w2..
Finding unused cells or wires in module \MUX2to1_w4..
Finding unused cells or wires in module \RCA4..
Finding unused cells or wires in module \csa_10bit..
Finding unused cells or wires in module \full_adder..

3.14.5. Executing FSM_OPT pass (simple optimizations of FSMs).

3.14.6. Executing FSM_RECODE pass (re-assigning FSM state encoding).

3.14.7. Executing FSM_INFO pass (dumping all available information on FSM cells).

3.14.8. Executing FSM_MAP pass (mapping FSMs to basic logic).

3.15. Executing OPT pass (performing simple optimizations).

3.15.1. Executing OPT_EXPR pass (perform const folding).
Optimizing module CSA2.
Optimizing module CSA4.
Optimizing module MUX2to1_w1.
Optimizing module MUX2to1_w2.
Optimizing module MUX2to1_w4.
Optimizing module RCA4.
Optimizing module csa_10bit.
Optimizing module full_adder.

3.15.2. Executing OPT_MERGE pass (detect identical cells).
Finding identical cells in module `\CSA2'.
Finding identical cells in module `\CSA4'.
Finding identical cells in module `\MUX2to1_w1'.
Finding identical cells in module `\MUX2to1_w2'.
Finding identical cells in module `\MUX2to1_w4'.
Finding identical cells in module `\RCA4'.
Finding identical cells in module `\csa_10bit'.
Finding identical cells in module `\full_adder'.
Removed a total of 0 cells.

3.15.3. Executing OPT_RMDFF pass (remove dff with constant values).

3.15.4. Executing OPT_CLEAN pass (remove unused cells and wires).
Finding unused cells or wires in module \CSA2..
Finding unused cells or wires in module \CSA4..
Finding unused cells or wires in module \MUX2to1_w1..
Finding unused cells or wires in module \MUX2to1_w2..
Finding unused cells or wires in module \MUX2to1_w4..
Finding unused cells or wires in module \RCA4..
Finding unused cells or wires in module \csa_10bit..
Finding unused cells or wires in module \full_adder..

3.15.5. Finished fast OPT passes.

3.16. Executing MEMORY pass.

3.16.1. Executing MEMORY_DFF pass (merging $dff cells to $memrd and $memwr).

3.16.2. Executing OPT_CLEAN pass (remove unused cells and wires).
Finding unused cells or wires in module \CSA2..
Finding unused cells or wires in module \CSA4..
Finding unused cells or wires in module \MUX2to1_w1..
Finding unused cells or wires in module \MUX2to1_w2..
Finding unused cells or wires in module \MUX2to1_w4..
Finding unused cells or wires in module \RCA4..
Finding unused cells or wires in module \csa_10bit..
Finding unused cells or wires in module \full_adder..

3.16.3. Executing MEMORY_SHARE pass (consolidating $memrd/$memwr cells).

3.16.4. Executing OPT_CLEAN pass (remove unused cells and wires).
Finding unused cells or wires in module \CSA2..
Finding unused cells or wires in module \CSA4..
Finding unused cells or wires in module \MUX2to1_w1..
Finding unused cells or wires in module \MUX2to1_w2..
Finding unused cells or wires in module \MUX2to1_w4..
Finding unused cells or wires in module \RCA4..
Finding unused cells or wires in module \csa_10bit..
Finding unused cells or wires in module \full_adder..

3.16.5. Executing MEMORY_COLLECT pass (generating $mem cells).

3.17. Executing OPT_CLEAN pass (remove unused cells and wires).
Finding unused cells or wires in module \CSA2..
Finding unused cells or wires in module \CSA4..
Finding unused cells or wires in module \MUX2to1_w1..
Finding unused cells or wires in module \MUX2to1_w2..
Finding unused cells or wires in module \MUX2to1_w4..
Finding unused cells or wires in module \RCA4..
Finding unused cells or wires in module \csa_10bit..
Finding unused cells or wires in module \full_adder..

3.18. Executing OPT pass (performing simple optimizations).

3.18.1. Executing OPT_EXPR pass (perform const folding).
Optimizing module CSA2.
Optimizing module CSA4.
Optimizing module MUX2to1_w1.
Optimizing module MUX2to1_w2.
Optimizing module MUX2to1_w4.
Optimizing module RCA4.
Optimizing module csa_10bit.
Optimizing module full_adder.

3.18.2. Executing OPT_MERGE pass (detect identical cells).
Finding identical cells in module `\CSA2'.
Finding identical cells in module `\CSA4'.
Finding identical cells in module `\MUX2to1_w1'.
Finding identical cells in module `\MUX2to1_w2'.
Finding identical cells in module `\MUX2to1_w4'.
Finding identical cells in module `\RCA4'.
Finding identical cells in module `\csa_10bit'.
Finding identical cells in module `\full_adder'.
Removed a total of 0 cells.

3.18.3. Executing OPT_RMDFF pass (remove dff with constant values).

3.18.4. Executing OPT_CLEAN pass (remove unused cells and wires).
Finding unused cells or wires in module \CSA2..
Finding unused cells or wires in module \CSA4..
Finding unused cells or wires in module \MUX2to1_w1..
Finding unused cells or wires in module \MUX2to1_w2..
Finding unused cells or wires in module \MUX2to1_w4..
Finding unused cells or wires in module \RCA4..
Finding unused cells or wires in module \csa_10bit..
Finding unused cells or wires in module \full_adder..

3.18.5. Finished fast OPT passes.

3.19. Executing MEMORY_MAP pass (converting $mem cells to logic and flip-flops).

3.20. Executing OPT pass (performing simple optimizations).

3.20.1. Executing OPT_EXPR pass (perform const folding).
Optimizing module CSA2.
Optimizing module CSA4.
Optimizing module MUX2to1_w1.
Optimizing module MUX2to1_w2.
Optimizing module MUX2to1_w4.
Optimizing module RCA4.
Optimizing module csa_10bit.
Optimizing module full_adder.

3.20.2. Executing OPT_MERGE pass (detect identical cells).
Finding identical cells in module `\CSA2'.
Finding identical cells in module `\CSA4'.
Finding identical cells in module `\MUX2to1_w1'.
Finding identical cells in module `\MUX2to1_w2'.
Finding identical cells in module `\MUX2to1_w4'.
Finding identical cells in module `\RCA4'.
Finding identical cells in module `\csa_10bit'.
Finding identical cells in module `\full_adder'.
Removed a total of 0 cells.

3.20.3. Executing OPT_MUXTREE pass (detect dead branches in mux trees).
Running muxtree optimizer on module \CSA2..
  Creating internal representation of mux trees.
  No muxes found in this module.
Running muxtree optimizer on module \CSA4..
  Creating internal representation of mux trees.
  No muxes found in this module.
Running muxtree optimizer on module \MUX2to1_w1..
  Creating internal representation of mux trees.
  No muxes found in this module.
Running muxtree optimizer on module \MUX2to1_w2..
  Creating internal representation of mux trees.
  No muxes found in this module.
Running muxtree optimizer on module \MUX2to1_w4..
  Creating internal representation of mux trees.
  No muxes found in this module.
Running muxtree optimizer on module \RCA4..
  Creating internal representation of mux trees.
  No muxes found in this module.
Running muxtree optimizer on module \csa_10bit..
  Creating internal representation of mux trees.
  No muxes found in this module.
Running muxtree optimizer on module \full_adder..
  Creating internal representation of mux trees.
  No muxes found in this module.
Removed 0 multiplexer ports.

3.20.4. Executing OPT_REDUCE pass (consolidate $*mux and $reduce_* inputs).
  Optimizing cells in module \CSA2.
  Optimizing cells in module \CSA4.
  Optimizing cells in module \MUX2to1_w1.
  Optimizing cells in module \MUX2to1_w2.
  Optimizing cells in module \MUX2to1_w4.
  Optimizing cells in module \RCA4.
  Optimizing cells in module \csa_10bit.
  Optimizing cells in module \full_adder.
Performed a total of 0 changes.

3.20.5. Executing OPT_MERGE pass (detect identical cells).
Finding identical cells in module `\CSA2'.
Finding identical cells in module `\CSA4'.
Finding identical cells in module `\MUX2to1_w1'.
Finding identical cells in module `\MUX2to1_w2'.
Finding identical cells in module `\MUX2to1_w4'.
Finding identical cells in module `\RCA4'.
Finding identical cells in module `\csa_10bit'.
Finding identical cells in module `\full_adder'.
Removed a total of 0 cells.

3.20.6. Executing OPT_RMDFF pass (remove dff with constant values).

3.20.7. Executing OPT_CLEAN pass (remove unused cells and wires).
Finding unused cells or wires in module \CSA2..
Finding unused cells or wires in module \CSA4..
Finding unused cells or wires in module \MUX2to1_w1..
Finding unused cells or wires in module \MUX2to1_w2..
Finding unused cells or wires in module \MUX2to1_w4..
Finding unused cells or wires in module \RCA4..
Finding unused cells or wires in module \csa_10bit..
Finding unused cells or wires in module \full_adder..

3.20.8. Executing OPT_EXPR pass (perform const folding).
Optimizing module CSA2.
Optimizing module CSA4.
Optimizing module MUX2to1_w1.
Optimizing module MUX2to1_w2.
Optimizing module MUX2to1_w4.
Optimizing module RCA4.
Optimizing module csa_10bit.
Optimizing module full_adder.

3.20.9. Finished OPT passes. (There is nothing left to do.)

3.21. Executing TECHMAP pass (map to technology primitives).

3.21.1. Executing Verilog-2005 frontend: <techmap.v>
Parsing Verilog input from `<techmap.v>' to AST representation.
Generating RTLIL representation for module `\_90_simplemap_bool_ops'.
Generating RTLIL representation for module `\_90_simplemap_reduce_ops'.
Generating RTLIL representation for module `\_90_simplemap_logic_ops'.
Generating RTLIL representation for module `\_90_simplemap_compare_ops'.
Generating RTLIL representation for module `\_90_simplemap_various'.
Generating RTLIL representation for module `\_90_simplemap_registers'.
Generating RTLIL representation for module `\_90_shift_ops_shr_shl_sshl_sshr'.
Generating RTLIL representation for module `\_90_shift_shiftx'.
Generating RTLIL representation for module `\_90_fa'.
Generating RTLIL representation for module `\_90_lcu'.
Generating RTLIL representation for module `\_90_alu'.
Generating RTLIL representation for module `\_90_macc'.
Generating RTLIL representation for module `\_90_alumacc'.
Generating RTLIL representation for module `\$__div_mod_u'.
Generating RTLIL representation for module `\$__div_mod'.
Generating RTLIL representation for module `\_90_div'.
Generating RTLIL representation for module `\_90_mod'.
Generating RTLIL representation for module `\_90_pow'.
Generating RTLIL representation for module `\_90_pmux'.
Generating RTLIL representation for module `\_90_lut'.
Successfully finished Verilog frontend.

3.21.2. Continuing TECHMAP pass.
Using extmapper simplemap for cells of type $and.
Using extmapper simplemap for cells of type $not.
Using extmapper simplemap for cells of type $or.
Using extmapper simplemap for cells of type $xor.
No more expansions possible.
<suppressed ~29 debug messages>

3.22. Executing OPT pass (performing simple optimizations).

3.22.1. Executing OPT_EXPR pass (perform const folding).
Optimizing module CSA2.
Optimizing module CSA4.
Optimizing module MUX2to1_w1.
Optimizing module MUX2to1_w2.
Optimizing module MUX2to1_w4.
Optimizing module RCA4.
Optimizing module csa_10bit.
Optimizing module full_adder.

3.22.2. Executing OPT_MERGE pass (detect identical cells).
Finding identical cells in module `\CSA2'.
Finding identical cells in module `\CSA4'.
Finding identical cells in module `\MUX2to1_w1'.
Finding identical cells in module `\MUX2to1_w2'.
Finding identical cells in module `\MUX2to1_w4'.
Finding identical cells in module `\RCA4'.
Finding identical cells in module `\csa_10bit'.
Finding identical cells in module `\full_adder'.
Removed a total of 0 cells.

3.22.3. Executing OPT_RMDFF pass (remove dff with constant values).

3.22.4. Executing OPT_CLEAN pass (remove unused cells and wires).
Finding unused cells or wires in module \CSA2..
Finding unused cells or wires in module \CSA4..
Finding unused cells or wires in module \MUX2to1_w1..
Finding unused cells or wires in module \MUX2to1_w2..
Finding unused cells or wires in module \MUX2to1_w4..
Finding unused cells or wires in module \RCA4..
Finding unused cells or wires in module \csa_10bit..
Finding unused cells or wires in module \full_adder..

3.22.5. Finished fast OPT passes.

3.23. Executing ABC pass (technology mapping using ABC).

3.23.1. Extracting gate netlist of module `\CSA2' to `<abc-temp-dir>/input.blif'..
Extracted 0 gates and 0 wires to a netlist network with 0 inputs and 0 outputs.
Don't call ABC as there is nothing to map.
Removing temp directory.

3.23.2. Extracting gate netlist of module `\CSA4' to `<abc-temp-dir>/input.blif'..
Extracted 0 gates and 0 wires to a netlist network with 0 inputs and 0 outputs.
Don't call ABC as there is nothing to map.
Removing temp directory.

3.23.3. Extracting gate netlist of module `\MUX2to1_w1' to `<abc-temp-dir>/input.blif'..
Extracted 4 gates and 7 wires to a netlist network with 3 inputs and 1 outputs.

3.23.3.1. Executing ABC.
Running ABC command: <yosys-exe-dir>/yosys-abc -s -f <abc-temp-dir>/abc.script 2>&1
ABC: ABC command line: "source <abc-temp-dir>/abc.script".
ABC: 
ABC: + read_blif <abc-temp-dir>/input.blif 
ABC: + read_library <abc-temp-dir>/stdcells.genlib 
ABC: Entered genlib library with 17 gates from file "<abc-temp-dir>/stdcells.genlib".
ABC: + strash 
ABC: + dretime 
ABC: + retime 
ABC: + map 
ABC: + write_blif <abc-temp-dir>/output.blif 

3.23.3.2. Re-integrating ABC results.
ABC RESULTS:               MUX cells:        1
ABC RESULTS:        internal signals:        3
ABC RESULTS:           input signals:        3
ABC RESULTS:          output signals:        1
Removing temp directory.

3.23.4. Extracting gate netlist of module `\MUX2to1_w2' to `<abc-temp-dir>/input.blif'..
Extracted 7 gates and 12 wires to a netlist network with 5 inputs and 2 outputs.

3.23.4.1. Executing ABC.
Running ABC command: <yosys-exe-dir>/yosys-abc -s -f <abc-temp-dir>/abc.script 2>&1
ABC: ABC command line: "source <abc-temp-dir>/abc.script".
ABC: 
ABC: + read_blif <abc-temp-dir>/input.blif 
ABC: + read_library <abc-temp-dir>/stdcells.genlib 
ABC: Entered genlib library with 17 gates from file "<abc-temp-dir>/stdcells.genlib".
ABC: + strash 
ABC: + dretime 
ABC: + retime 
ABC: + map 
ABC: + write_blif <abc-temp-dir>/output.blif 

3.23.4.2. Re-integrating ABC results.
ABC RESULTS:               MUX cells:        2
ABC RESULTS:        internal signals:        5
ABC RESULTS:           input signals:        5
ABC RESULTS:          output signals:        2
Removing temp directory.

3.23.5. Extracting gate netlist of module `\MUX2to1_w4' to `<abc-temp-dir>/input.blif'..
Extracted 13 gates and 22 wires to a netlist network with 9 inputs and 4 outputs.

3.23.5.1. Executing ABC.
Running ABC command: <yosys-exe-dir>/yosys-abc -s -f <abc-temp-dir>/abc.script 2>&1
ABC: ABC command line: "source <abc-temp-dir>/abc.script".
ABC: 
ABC: + read_blif <abc-temp-dir>/input.blif 
ABC: + read_library <abc-temp-dir>/stdcells.genlib 
ABC: Entered genlib library with 17 gates from file "<abc-temp-dir>/stdcells.genlib".
ABC: + strash 
ABC: + dretime 
ABC: + retime 
ABC: + map 
ABC: + write_blif <abc-temp-dir>/output.blif 

3.23.5.2. Re-integrating ABC results.
ABC RESULTS:               MUX cells:        4
ABC RESULTS:        internal signals:        9
ABC RESULTS:           input signals:        9
ABC RESULTS:          output signals:        4
Removing temp directory.

3.23.6. Extracting gate netlist of module `\RCA4' to `<abc-temp-dir>/input.blif'..
Extracted 0 gates and 0 wires to a netlist network with 0 inputs and 0 outputs.
Don't call ABC as there is nothing to map.
Removing temp directory.

3.23.7. Extracting gate netlist of module `\csa_10bit' to `<abc-temp-dir>/input.blif'..
Extracted 0 gates and 0 wires to a netlist network with 0 inputs and 0 outputs.
Don't call ABC as there is nothing to map.
Removing temp directory.

3.23.8. Extracting gate netlist of module `\full_adder' to `<abc-temp-dir>/input.blif'..
Extracted 5 gates and 8 wires to a netlist network with 3 inputs and 2 outputs.

3.23.8.1. Executing ABC.
Running ABC command: <yosys-exe-dir>/yosys-abc -s -f <abc-temp-dir>/abc.script 2>&1
ABC: ABC command line: "source <abc-temp-dir>/abc.script".
ABC: 
ABC: + read_blif <abc-temp-dir>/input.blif 
ABC: + read_library <abc-temp-dir>/stdcells.genlib 
ABC: Entered genlib library with 17 gates from file "<abc-temp-dir>/stdcells.genlib".
ABC: + strash 
ABC: + dretime 
ABC: + retime 
ABC: + map 
ABC: + write_blif <abc-temp-dir>/output.blif 

3.23.8.2. Re-integrating ABC results.
ABC RESULTS:              NAND cells:        1
ABC RESULTS:               NOT cells:        1
ABC RESULTS:              OAI3 cells:        1
ABC RESULTS:              XNOR cells:        1
ABC RESULTS:               XOR cells:        1
ABC RESULTS:        internal signals:        3
ABC RESULTS:           input signals:        3
ABC RESULTS:          output signals:        2
Removing temp directory.

3.24. Executing OPT pass (performing simple optimizations).

3.24.1. Executing OPT_EXPR pass (perform const folding).
Optimizing module CSA2.
Optimizing module CSA4.
Optimizing module MUX2to1_w1.
Optimizing module MUX2to1_w2.
Optimizing module MUX2to1_w4.
Optimizing module RCA4.
Optimizing module csa_10bit.
Optimizing module full_adder.

3.24.2. Executing OPT_MERGE pass (detect identical cells).
Finding identical cells in module `\CSA2'.
Finding identical cells in module `\CSA4'.
Finding identical cells in module `\MUX2to1_w1'.
Finding identical cells in module `\MUX2to1_w2'.
Finding identical cells in module `\MUX2to1_w4'.
Finding identical cells in module `\RCA4'.
Finding identical cells in module `\csa_10bit'.
Finding identical cells in module `\full_adder'.
Removed a total of 0 cells.

3.24.3. Executing OPT_RMDFF pass (remove dff with constant values).

3.24.4. Executing OPT_CLEAN pass (remove unused cells and wires).
Finding unused cells or wires in module \CSA2..
Finding unused cells or wires in module \CSA4..
Finding unused cells or wires in module \MUX2to1_w1..
Finding unused cells or wires in module \MUX2to1_w2..
Finding unused cells or wires in module \MUX2to1_w4..
Finding unused cells or wires in module \RCA4..
Finding unused cells or wires in module \csa_10bit..
Finding unused cells or wires in module \full_adder..
Removed 0 unused cells and 41 unused wires.
<suppressed ~16 debug messages>

3.24.5. Finished fast OPT passes.

3.25. Executing HIERARCHY pass (managing design hierarchy).

3.25.1. Analyzing design hierarchy..
Top module:  \csa_10bit
Used module:     \CSA4
Used module:         \MUX2to1_w1
Used module:         \MUX2to1_w4
Used module:         \RCA4
Used module:             \full_adder
Used module:     \CSA2
Used module:         \MUX2to1_w2

3.25.2. Analyzing design hierarchy..
Top module:  \csa_10bit
Used module:     \CSA4
Used module:         \MUX2to1_w1
Used module:         \MUX2to1_w4
Used module:         \RCA4
Used module:             \full_adder
Used module:     \CSA2
Used module:         \MUX2to1_w2
Removed 0 unused modules.

3.26. Printing statistics.

=== CSA2 ===

   Number of wires:                 11
   Number of wire bits:             18
   Number of public wires:           9
   Number of public wire bits:      14
   Number of memories:               0
   Number of memory bits:            0
   Number of processes:              0
   Number of cells:                  4
     MUX2to1_w1                      1
     MUX2to1_w2                      1
     RCA4                            2

=== CSA4 ===

   Number of wires:                  9
   Number of wire bits:             24
   Number of public wires:           9
   Number of public wire bits:      24
   Number of memories:               0
   Number of memory bits:            0
   Number of processes:              0
   Number of cells:                  4
     MUX2to1_w1                      1
     MUX2to1_w4                      1
     RCA4                            2

=== MUX2to1_w1 ===

   Number of wires:                  4
   Number of wire bits:              4
   Number of public wires:           4
   Number of public wire bits:       4
   Number of memories:               0
   Number of memory bits:            0
   Number of processes:              0
   Number of cells:                  1
     $_MUX_                          1

=== MUX2to1_w2 ===

   Number of wires:                  4
   Number of wire bits:              7
   Number of public wires:           4
   Number of public wire bits:       7
   Number of memories:               0
   Number of memory bits:            0
   Number of processes:              0
   Number of cells:                  2
     $_MUX_                          2

=== MUX2to1_w4 ===

   Number of wires:                  4
   Number of wire bits:             13
   Number of public wires:           4
   Number of public wire bits:      13
   Number of memories:               0
   Number of memory bits:            0
   Number of processes:              0
   Number of cells:                  4
     $_MUX_                          4

=== RCA4 ===

   Number of wires:                  6
   Number of wire bits:             17
   Number of public wires:           6
   Number of public wire bits:      17
   Number of memories:               0
   Number of memory bits:            0
   Number of processes:              0
   Number of cells:                  4
     full_adder                      4

=== csa_10bit ===

   Number of wires:                  5
   Number of wire bits:             34
   Number of public wires:           5
   Number of public wire bits:      34
   Number of memories:               0
   Number of memory bits:            0
   Number of processes:              0
   Number of cells:                  3
     CSA2                            1
     CSA4                            1
     RCA4                            1

=== full_adder ===

   Number of wires:                  8
   Number of wire bits:              8
   Number of public wires:           5
   Number of public wire bits:       5
   Number of memories:               0
   Number of memory bits:            0
   Number of processes:              0
   Number of cells:                  5
     $_NAND_                         1
     $_NOT_                          1
     $_OAI3_                         1
     $_XNOR_                         1
     $_XOR_                          1

=== design hierarchy ===

   csa_10bit                         1
     CSA2                            1
       MUX2to1_w1                    1
       MUX2to1_w2                    1
       RCA4                          2
         full_adder                  4
     CSA4                            1
       MUX2to1_w1                    1
       MUX2to1_w4                    1
       RCA4                          2
         full_adder                  4
     RCA4                            1
       full_adder                    4

   Number of wires:                231
   Number of wire bits:            349
   Number of public wires:         169
   Number of public wire bits:     285
   Number of memories:               0
   Number of memory bits:            0
   Number of processes:              0
   Number of cells:                108
     $_MUX_                          8
     $_NAND_                        20
     $_NOT_                         20
     $_OAI3_                        20
     $_XNOR_                        20
     $_XOR_                         20

3.27. Executing CHECK pass (checking for obvious problems).
checking module CSA2..
checking module CSA4..
checking module MUX2to1_w1..
checking module MUX2to1_w2..
checking module MUX2to1_w4..
checking module RCA4..
checking module csa_10bit..
checking module full_adder..
found and reported 0 problems.

4. Executing DFFLIBMAP pass (mapping DFF cells to sequential cells from liberty file).
  cell DFFNEGX1 (noninv, pins=3, area=384.00) is a direct match for cell type $_DFF_N_.
  cell DFFPOSX1 (noninv, pins=3, area=384.00) is a direct match for cell type $_DFF_P_.
  cell DFFSR (noninv, pins=5, area=704.00) is a direct match for cell type $_DFFSR_PNN_.
  create mapping for $_DFFSR_PPN_ from mapping for $_DFFSR_PNN_.
  create mapping for $_DFFSR_PNP_ from mapping for $_DFFSR_PNN_.
  create mapping for $_DFFSR_PPP_ from mapping for $_DFFSR_PNP_.
  create mapping for $_DFFSR_NNN_ from mapping for $_DFFSR_PNN_.
  create mapping for $_DFFSR_NPN_ from mapping for $_DFFSR_NNN_.
  create mapping for $_DFFSR_NNP_ from mapping for $_DFFSR_NNN_.
  create mapping for $_DFFSR_NPP_ from mapping for $_DFFSR_NNP_.
  create mapping for $_DFF_NN0_ from mapping for $_DFFSR_NNN_.
  create mapping for $_DFF_NN1_ from mapping for $_DFFSR_NNN_.
  create mapping for $_DFF_NP0_ from mapping for $_DFFSR_NPP_.
  create mapping for $_DFF_NP1_ from mapping for $_DFFSR_NPP_.
  create mapping for $_DFF_PN0_ from mapping for $_DFFSR_PNN_.
  create mapping for $_DFF_PN1_ from mapping for $_DFFSR_PNN_.
  create mapping for $_DFF_PP0_ from mapping for $_DFFSR_PPP_.
  create mapping for $_DFF_PP1_ from mapping for $_DFFSR_PPP_.
  final dff cell mappings:
    DFFNEGX1 _DFF_N_ (.CLK( C), .D( D), .Q( Q));
    DFFPOSX1 _DFF_P_ (.CLK( C), .D( D), .Q( Q));
    DFFSR _DFF_NN0_ (.CLK(~C), .D( D), .Q( Q), .R( R), .S( 1));
    DFFSR _DFF_NN1_ (.CLK(~C), .D( D), .Q( Q), .R( 1), .S( R));
    DFFSR _DFF_NP0_ (.CLK(~C), .D( D), .Q( Q), .R(~R), .S( 1));
    DFFSR _DFF_NP1_ (.CLK(~C), .D( D), .Q( Q), .R( 1), .S(~R));
    DFFSR _DFF_PN0_ (.CLK( C), .D( D), .Q( Q), .R( R), .S( 1));
    DFFSR _DFF_PN1_ (.CLK( C), .D( D), .Q( Q), .R( 1), .S( R));
    DFFSR _DFF_PP0_ (.CLK( C), .D( D), .Q( Q), .R(~R), .S( 1));
    DFFSR _DFF_PP1_ (.CLK( C), .D( D), .Q( Q), .R( 1), .S(~R));
    DFFSR _DFFSR_NNN_ (.CLK(~C), .D( D), .Q( Q), .R( R), .S( S));
    DFFSR _DFFSR_NNP_ (.CLK(~C), .D( D), .Q( Q), .R(~R), .S( S));
    DFFSR _DFFSR_NPN_ (.CLK(~C), .D( D), .Q( Q), .R( R), .S(~S));
    DFFSR _DFFSR_NPP_ (.CLK(~C), .D( D), .Q( Q), .R(~R), .S(~S));
    DFFSR _DFFSR_PNN_ (.CLK( C), .D( D), .Q( Q), .R( R), .S( S));
    DFFSR _DFFSR_PNP_ (.CLK( C), .D( D), .Q( Q), .R(~R), .S( S));
    DFFSR _DFFSR_PPN_ (.CLK( C), .D( D), .Q( Q), .R( R), .S(~S));
    DFFSR _DFFSR_PPP_ (.CLK( C), .D( D), .Q( Q), .R(~R), .S(~S));
Mapping DFF cells in module `\CSA2':
Mapping DFF cells in module `\CSA4':
Mapping DFF cells in module `\MUX2to1_w1':
Mapping DFF cells in module `\MUX2to1_w2':
Mapping DFF cells in module `\MUX2to1_w4':
Mapping DFF cells in module `\RCA4':
Mapping DFF cells in module `\csa_10bit':
Mapping DFF cells in module `\full_adder':

5. Executing OPT pass (performing simple optimizations).

5.1. Executing OPT_EXPR pass (perform const folding).
Optimizing module CSA2.
Optimizing module CSA4.
Optimizing module MUX2to1_w1.
Optimizing module MUX2to1_w2.
Optimizing module MUX2to1_w4.
Optimizing module RCA4.
Optimizing module csa_10bit.
Optimizing module full_adder.

5.2. Executing OPT_MERGE pass (detect identical cells).
Finding identical cells in module `\CSA2'.
Finding identical cells in module `\CSA4'.
Finding identical cells in module `\MUX2to1_w1'.
Finding identical cells in module `\MUX2to1_w2'.
Finding identical cells in module `\MUX2to1_w4'.
Finding identical cells in module `\RCA4'.
Finding identical cells in module `\csa_10bit'.
Finding identical cells in module `\full_adder'.
Removed a total of 0 cells.

5.3. Executing OPT_MUXTREE pass (detect dead branches in mux trees).
Running muxtree optimizer on module \CSA2..
  Creating internal representation of mux trees.
  No muxes found in this module.
Running muxtree optimizer on module \CSA4..
  Creating internal representation of mux trees.
  No muxes found in this module.
Running muxtree optimizer on module \MUX2to1_w1..
  Creating internal representation of mux trees.
  No muxes found in this module.
Running muxtree optimizer on module \MUX2to1_w2..
  Creating internal representation of mux trees.
  No muxes found in this module.
Running muxtree optimizer on module \MUX2to1_w4..
  Creating internal representation of mux trees.
  No muxes found in this module.
Running muxtree optimizer on module \RCA4..
  Creating internal representation of mux trees.
  No muxes found in this module.
Running muxtree optimizer on module \csa_10bit..
  Creating internal representation of mux trees.
  No muxes found in this module.
Running muxtree optimizer on module \full_adder..
  Creating internal representation of mux trees.
  No muxes found in this module.
Removed 0 multiplexer ports.

5.4. Executing OPT_REDUCE pass (consolidate $*mux and $reduce_* inputs).
  Optimizing cells in module \CSA2.
  Optimizing cells in module \CSA4.
  Optimizing cells in module \MUX2to1_w1.
  Optimizing cells in module \MUX2to1_w2.
  Optimizing cells in module \MUX2to1_w4.
  Optimizing cells in module \RCA4.
  Optimizing cells in module \csa_10bit.
  Optimizing cells in module \full_adder.
Performed a total of 0 changes.

5.5. Executing OPT_MERGE pass (detect identical cells).
Finding identical cells in module `\CSA2'.
Finding identical cells in module `\CSA4'.
Finding identical cells in module `\MUX2to1_w1'.
Finding identical cells in module `\MUX2to1_w2'.
Finding identical cells in module `\MUX2to1_w4'.
Finding identical cells in module `\RCA4'.
Finding identical cells in module `\csa_10bit'.
Finding identical cells in module `\full_adder'.
Removed a total of 0 cells.

5.6. Executing OPT_RMDFF pass (remove dff with constant values).

5.7. Executing OPT_CLEAN pass (remove unused cells and wires).
Finding unused cells or wires in module \CSA2..
Finding unused cells or wires in module \CSA4..
Finding unused cells or wires in module \MUX2to1_w1..
Finding unused cells or wires in module \MUX2to1_w2..
Finding unused cells or wires in module \MUX2to1_w4..
Finding unused cells or wires in module \RCA4..
Finding unused cells or wires in module \csa_10bit..
Finding unused cells or wires in module \full_adder..

5.8. Executing OPT_EXPR pass (perform const folding).
Optimizing module CSA2.
Optimizing module CSA4.
Optimizing module MUX2to1_w1.
Optimizing module MUX2to1_w2.
Optimizing module MUX2to1_w4.
Optimizing module RCA4.
Optimizing module csa_10bit.
Optimizing module full_adder.

5.9. Finished OPT passes. (There is nothing left to do.)

6. Executing ABC pass (technology mapping using ABC).

6.1. Extracting gate netlist of module `\CSA2' to `<abc-temp-dir>/input.blif'..
Extracted 0 gates and 0 wires to a netlist network with 0 inputs and 0 outputs.
Don't call ABC as there is nothing to map.
Removing temp directory.

6.2. Extracting gate netlist of module `\CSA4' to `<abc-temp-dir>/input.blif'..
Extracted 0 gates and 0 wires to a netlist network with 0 inputs and 0 outputs.
Don't call ABC as there is nothing to map.
Removing temp directory.

6.3. Extracting gate netlist of module `\MUX2to1_w1' to `<abc-temp-dir>/input.blif'..
Extracted 1 gates and 4 wires to a netlist network with 3 inputs and 1 outputs.

6.3.1. Executing ABC.
Running ABC command: /usr/local/share/qflow/bin/yosys-abc -s -f <abc-temp-dir>/abc.script 2>&1
ABC: ABC command line: "source <abc-temp-dir>/abc.script".
ABC: 
ABC: + read_blif <abc-temp-dir>/input.blif 
ABC: + read_lib -w /usr/local/share/qflow/tech/osu035/osu035_stdcells.lib 
ABC: Parsing finished successfully.  Parsing time =     0.01 sec
ABC: Scl_LibertyReadGenlib() skipped sequential cell "DFFNEGX1".
ABC: Scl_LibertyReadGenlib() skipped sequential cell "DFFPOSX1".
ABC: Scl_LibertyReadGenlib() skipped sequential cell "DFFSR".
ABC: Scl_LibertyReadGenlib() skipped sequential cell "LATCH".
ABC: Scl_LibertyReadGenlib() skipped three-state cell "PADINOUT".
ABC: Scl_LibertyReadGenlib() skipped three-state cell "TBUFX1".
ABC: Scl_LibertyReadGenlib() skipped three-state cell "TBUFX2".
ABC: Scl_LibertyReadGenlib() skipped cell "PADFC" without logic function.
ABC: Scl_LibertyReadGenlib() skipped cell "PADNC" without logic function.
ABC: Scl_LibertyReadGenlib() skipped cell "PADVDD" without logic function.
ABC: Scl_LibertyReadGenlib() skipped cell "PADGND" without logic function.
ABC: Library "osu035_stdcells" from "/usr/local/share/qflow/tech/osu035/osu035_stdcells.lib" has 28 cells (11 skipped: 4 seq; 3 tri-state; 4 no func; 0 dont_use).  Time =     0.01 sec
ABC: Memory =    0.38 MB. Time =     0.01 sec
ABC: Warning: Detected 2 multi-output gates (for example, "FAX1").
ABC: + strash 
ABC: + scorr 
ABC: Warning: The network is combinational (run "fraig" or "fraig_sweep").
ABC: + ifraig 
ABC: + retime 
ABC: + strash 
ABC: + dch -f 
ABC: + map -M 1 
ABC: + write_blif <abc-temp-dir>/output.blif 

6.3.2. Re-integrating ABC results.
ABC RESULTS:             INVX1 cells:        1
ABC RESULTS:           NAND2X1 cells:        1
ABC RESULTS:           OAI21X1 cells:        1
ABC RESULTS:        internal signals:        0
ABC RESULTS:           input signals:        3
ABC RESULTS:          output signals:        1
Removing temp directory.

6.4. Extracting gate netlist of module `\MUX2to1_w2' to `<abc-temp-dir>/input.blif'..
Extracted 2 gates and 7 wires to a netlist network with 5 inputs and 2 outputs.

6.4.1. Executing ABC.
Running ABC command: /usr/local/share/qflow/bin/yosys-abc -s -f <abc-temp-dir>/abc.script 2>&1
ABC: ABC command line: "source <abc-temp-dir>/abc.script".
ABC: 
ABC: + read_blif <abc-temp-dir>/input.blif 
ABC: + read_lib -w /usr/local/share/qflow/tech/osu035/osu035_stdcells.lib 
ABC: Parsing finished successfully.  Parsing time =     0.00 sec
ABC: Scl_LibertyReadGenlib() skipped sequential cell "DFFNEGX1".
ABC: Scl_LibertyReadGenlib() skipped sequential cell "DFFPOSX1".
ABC: Scl_LibertyReadGenlib() skipped sequential cell "DFFSR".
ABC: Scl_LibertyReadGenlib() skipped sequential cell "LATCH".
ABC: Scl_LibertyReadGenlib() skipped three-state cell "PADINOUT".
ABC: Scl_LibertyReadGenlib() skipped three-state cell "TBUFX1".
ABC: Scl_LibertyReadGenlib() skipped three-state cell "TBUFX2".
ABC: Scl_LibertyReadGenlib() skipped cell "PADFC" without logic function.
ABC: Scl_LibertyReadGenlib() skipped cell "PADNC" without logic function.
ABC: Scl_LibertyReadGenlib() skipped cell "PADVDD" without logic function.
ABC: Scl_LibertyReadGenlib() skipped cell "PADGND" without logic function.
ABC: Library "osu035_stdcells" from "/usr/local/share/qflow/tech/osu035/osu035_stdcells.lib" has 28 cells (11 skipped: 4 seq; 3 tri-state; 4 no func; 0 dont_use).  Time =     0.00 sec
ABC: Memory =    0.38 MB. Time =     0.00 sec
ABC: Warning: Detected 2 multi-output gates (for example, "FAX1").
ABC: + strash 
ABC: + scorr 
ABC: Warning: The network is combinational (run "fraig" or "fraig_sweep").
ABC: + ifraig 
ABC: + retime 
ABC: + strash 
ABC: + dch -f 
ABC: + map -M 1 
ABC: + write_blif <abc-temp-dir>/output.blif 

6.4.2. Re-integrating ABC results.
ABC RESULTS:             INVX1 cells:        2
ABC RESULTS:           NAND2X1 cells:        2
ABC RESULTS:           OAI21X1 cells:        2
ABC RESULTS:        internal signals:        0
ABC RESULTS:           input signals:        5
ABC RESULTS:          output signals:        2
Removing temp directory.

6.5. Extracting gate netlist of module `\MUX2to1_w4' to `<abc-temp-dir>/input.blif'..
Extracted 4 gates and 13 wires to a netlist network with 9 inputs and 4 outputs.

6.5.1. Executing ABC.
Running ABC command: /usr/local/share/qflow/bin/yosys-abc -s -f <abc-temp-dir>/abc.script 2>&1
ABC: ABC command line: "source <abc-temp-dir>/abc.script".
ABC: 
ABC: + read_blif <abc-temp-dir>/input.blif 
ABC: + read_lib -w /usr/local/share/qflow/tech/osu035/osu035_stdcells.lib 
ABC: Parsing finished successfully.  Parsing time =     0.00 sec
ABC: Scl_LibertyReadGenlib() skipped sequential cell "DFFNEGX1".
ABC: Scl_LibertyReadGenlib() skipped sequential cell "DFFPOSX1".
ABC: Scl_LibertyReadGenlib() skipped sequential cell "DFFSR".
ABC: Scl_LibertyReadGenlib() skipped sequential cell "LATCH".
ABC: Scl_LibertyReadGenlib() skipped three-state cell "PADINOUT".
ABC: Scl_LibertyReadGenlib() skipped three-state cell "TBUFX1".
ABC: Scl_LibertyReadGenlib() skipped three-state cell "TBUFX2".
ABC: Scl_LibertyReadGenlib() skipped cell "PADFC" without logic function.
ABC: Scl_LibertyReadGenlib() skipped cell "PADNC" without logic function.
ABC: Scl_LibertyReadGenlib() skipped cell "PADVDD" without logic function.
ABC: Scl_LibertyReadGenlib() skipped cell "PADGND" without logic function.
ABC: Library "osu035_stdcells" from "/usr/local/share/qflow/tech/osu035/osu035_stdcells.lib" has 28 cells (11 skipped: 4 seq; 3 tri-state; 4 no func; 0 dont_use).  Time =     0.00 sec
ABC: Memory =    0.38 MB. Time =     0.00 sec
ABC: Warning: Detected 2 multi-output gates (for example, "FAX1").
ABC: + strash 
ABC: + scorr 
ABC: Warning: The network is combinational (run "fraig" or "fraig_sweep").
ABC: + ifraig 
ABC: + retime 
ABC: + strash 
ABC: + dch -f 
ABC: + map -M 1 
ABC: + write_blif <abc-temp-dir>/output.blif 

6.5.2. Re-integrating ABC results.
ABC RESULTS:             INVX1 cells:        4
ABC RESULTS:           NAND2X1 cells:        4
ABC RESULTS:           OAI21X1 cells:        4
ABC RESULTS:        internal signals:        0
ABC RESULTS:           input signals:        9
ABC RESULTS:          output signals:        4
Removing temp directory.

6.6. Extracting gate netlist of module `\RCA4' to `<abc-temp-dir>/input.blif'..
Extracted 0 gates and 0 wires to a netlist network with 0 inputs and 0 outputs.
Don't call ABC as there is nothing to map.
Removing temp directory.

6.7. Extracting gate netlist of module `\csa_10bit' to `<abc-temp-dir>/input.blif'..
Extracted 0 gates and 0 wires to a netlist network with 0 inputs and 0 outputs.
Don't call ABC as there is nothing to map.
Removing temp directory.

6.8. Extracting gate netlist of module `\full_adder' to `<abc-temp-dir>/input.blif'..
Extracted 5 gates and 8 wires to a netlist network with 3 inputs and 2 outputs.

6.8.1. Executing ABC.
Running ABC command: /usr/local/share/qflow/bin/yosys-abc -s -f <abc-temp-dir>/abc.script 2>&1
ABC: ABC command line: "source <abc-temp-dir>/abc.script".
ABC: 
ABC: + read_blif <abc-temp-dir>/input.blif 
ABC: + read_lib -w /usr/local/share/qflow/tech/osu035/osu035_stdcells.lib 
ABC: Parsing finished successfully.  Parsing time =     0.00 sec
ABC: Scl_LibertyReadGenlib() skipped sequential cell "DFFNEGX1".
ABC: Scl_LibertyReadGenlib() skipped sequential cell "DFFPOSX1".
ABC: Scl_LibertyReadGenlib() skipped sequential cell "DFFSR".
ABC: Scl_LibertyReadGenlib() skipped sequential cell "LATCH".
ABC: Scl_LibertyReadGenlib() skipped three-state cell "PADINOUT".
ABC: Scl_LibertyReadGenlib() skipped three-state cell "TBUFX1".
ABC: Scl_LibertyReadGenlib() skipped three-state cell "TBUFX2".
ABC: Scl_LibertyReadGenlib() skipped cell "PADFC" without logic function.
ABC: Scl_LibertyReadGenlib() skipped cell "PADNC" without logic function.
ABC: Scl_LibertyReadGenlib() skipped cell "PADVDD" without logic function.
ABC: Scl_LibertyReadGenlib() skipped cell "PADGND" without logic function.
ABC: Library "osu035_stdcells" from "/usr/local/share/qflow/tech/osu035/osu035_stdcells.lib" has 28 cells (11 skipped: 4 seq; 3 tri-state; 4 no func; 0 dont_use).  Time =     0.00 sec
ABC: Memory =    0.38 MB. Time =     0.00 sec
ABC: Warning: Detected 2 multi-output gates (for example, "FAX1").
ABC: + strash 
ABC: + scorr 
ABC: Warning: The network is combinational (run "fraig" or "fraig_sweep").
ABC: + ifraig 
ABC: + retime 
ABC: + strash 
ABC: + dch -f 
ABC: + map -M 1 
ABC: + write_blif <abc-temp-dir>/output.blif 

6.8.2. Re-integrating ABC results.
ABC RESULTS:            AND2X2 cells:        1
ABC RESULTS:             INVX1 cells:        1
ABC RESULTS:           NAND2X1 cells:        2
ABC RESULTS:           NAND3X1 cells:        1
ABC RESULTS:            NOR2X1 cells:        1
ABC RESULTS:           OAI21X1 cells:        2
ABC RESULTS:             OR2X2 cells:        1
ABC RESULTS:        internal signals:        3
ABC RESULTS:           input signals:        3
ABC RESULTS:          output signals:        2
Removing temp directory.

7. Executing FLATTEN pass (flatten design).
Using template RCA4 for cells of type RCA4.
Using template CSA4 for cells of type CSA4.
Using template CSA2 for cells of type CSA2.
Using template full_adder for cells of type full_adder.
Using template MUX2to1_w1 for cells of type MUX2to1_w1.
Using template MUX2to1_w4 for cells of type MUX2to1_w4.
Using template MUX2to1_w2 for cells of type MUX2to1_w2.
<suppressed ~31 debug messages>
No more expansions possible.
Deleting now unused module CSA2.
Deleting now unused module CSA4.
Deleting now unused module MUX2to1_w1.
Deleting now unused module MUX2to1_w2.
Deleting now unused module MUX2to1_w4.
Deleting now unused module RCA4.
Deleting now unused module full_adder.

8. Executing SETUNDEF pass (replace undef values with defined constants).
Removed 20 unused cells and 344 unused wires.

9. Executing IOPADMAP pass (mapping inputs/outputs to IO-PAD cells).
Mapping port csa_10bit.cout using BUFX2.
Don't map input port csa_10bit.i_add_term1: Missing option -inpad.
Don't map input port csa_10bit.i_add_term2: Missing option -inpad.
Mapping port csa_10bit.sum using BUFX2.

10. Executing OPT pass (performing simple optimizations).

10.1. Executing OPT_EXPR pass (perform const folding).
Optimizing module csa_10bit.

10.2. Executing OPT_MERGE pass (detect identical cells).
Finding identical cells in module `\csa_10bit'.
Removed a total of 0 cells.

10.3. Executing OPT_MUXTREE pass (detect dead branches in mux trees).
Running muxtree optimizer on module \csa_10bit..
  Creating internal representation of mux trees.
  No muxes found in this module.
Removed 0 multiplexer ports.

10.4. Executing OPT_REDUCE pass (consolidate $*mux and $reduce_* inputs).
  Optimizing cells in module \csa_10bit.
Performed a total of 0 changes.

10.5. Executing OPT_MERGE pass (detect identical cells).
Finding identical cells in module `\csa_10bit'.
Removed a total of 0 cells.

10.6. Executing OPT_RMDFF pass (remove dff with constant values).

10.7. Executing OPT_CLEAN pass (remove unused cells and wires).
Finding unused cells or wires in module \csa_10bit..

10.8. Executing OPT_EXPR pass (perform const folding).
Optimizing module csa_10bit.

10.9. Finished OPT passes. (There is nothing left to do.)

11. Executing BLIF backend.

12. Printing statistics.

=== csa_10bit ===

   Number of wires:                173
   Number of wire bits:            219
   Number of public wires:         173
   Number of public wire bits:     219
   Number of memories:               0
   Number of memory bits:            0
   Number of processes:              0
   Number of cells:                195
     AND2X2                         16
     BUFX2                          11
     INVX1                          28
     NAND2X1                        44
     NAND3X1                        16
     NOR2X1                         20
     OAI21X1                        44
     OR2X2                          16

Warnings: 6 unique messages, 6 total
End of script. Logfile hash: 964da6927b
CPU: user 0.21s system 0.00s, MEM: 43.47 MB total, 11.09 MB resident
Yosys 0.9 (git sha1 UNKNOWN, clang 6.0.0-1ubuntu2 -fPIC -Os)
Time spent: 19% 15x opt_expr (0 sec), 14% 14x opt_merge (0 sec), ...
Running getpowerground to determine power and ground net names.
getpowerground.tcl  /usr/local/share/qflow/tech/osu035/osu035_stdcells.lef
Cleaning up output syntax
ypostproc.tcl csa_10bit_mapped.blif csa_10bit /usr/local/share/qflow/tech/osu035/osu035.sh vdd gnd 
Cleaning up blif file syntax
Running blifFanout (iterative)
Each iteration calls:
blifFanout -l 200 -c 30 -I csa_10bit_nofanout -s nullstring -p /usr/local/share/qflow/tech/osu035/osu035_stdcells.lib -b BUFX2,CLKBUF1 -i A,A -o Y,Y tmp.blif csa_10bit.blif

blifFanout for qflow 1.3.17
Parsing library "osu035_stdcells"
End of library at line 6636
Lib Read:  Processed 6637 lines.
Top internal fanout is 10 (load 245.289) from node rca_inst.cout,
driven by OAI21X1 with strength 101.851 (fF driven at latency 200)
Top fanout load-to-strength ratio is 2.4083 (latency = 481.661 ps)
Top input node fanout is 8 (load 161.518) from node i_add_term1[7].
Warning 1: load of 166.803 is 1.63771 times greater than strongest gate OAI21X1
This warning will only be repeated for larger overload ratios.  Warning count reflects
the total number of overloaded nets.
Warning 2: load of 255.289 is 2.50649 times greater than strongest gate OAI21X1
2 gates exceed specified minimum load.
0 buffers were added.
0 gates were changed.

Gate counts by drive strength:

	"1" gates	In: 152    	Out: 152    	+0
	"2" gates	In: 47    	Out: 47    	+0

Number of gates changed: 0
gates resized: 0

Generating RTL verilog and SPICE netlist file in directory
	 /hdd/xuenong/Adder_Classification/source/generateBatchAdder_CSA/synthesis
Files:
   Verilog: /hdd/xuenong/Adder_Classification/source/generateBatchAdder_CSA/synthesis/csa_10bit.rtl.v
   Verilog: /hdd/xuenong/Adder_Classification/source/generateBatchAdder_CSA/synthesis/csa_10bit.rtlnopwr.v
   Verilog: /hdd/xuenong/Adder_Classification/source/generateBatchAdder_CSA/synthesis/csa_10bit.rtlbb.v
   Spice:   /hdd/xuenong/Adder_Classification/source/generateBatchAdder_CSA/synthesis/csa_10bit.spc

Running blif2Verilog.
Running blif2BSpice.
Running spi2xspice.py
spi2xspice.py "/usr/local/share/qflow/tech/osu035/osu035_stdcells.lib" csa_10bit.spc csa_10bit.xspice

Synthesis script ended on Fri Apr 10 22:15:10 +08 2020
